<?xml version="1.0" encoding="UTF-8"?>
<!-- Generated by org.testng.reporters.JUnitReportReporter -->
<testsuite hostname="chathuris-MacBook-Air.local" name="com.tokbox.test.SignupPageTest" tests="4" failures="0" timestamp="13 Nov 2015 15:41:05 GMT" time="8.915" errors="0">
  <testcase name="testLoginSucces" time="0.237" classname="com.tokbox.test.SignupPageTest"/>
  <testcase name="testSignUp" time="1.788" classname="com.tokbox.test.SignupPageTest"/>
  <testcase name="testLoginSucces" time="4.400" classname="com.tokbox.test.SignupPageTest"/>
  <testcase name="testSignUp" time="2.490" classname="com.tokbox.test.SignupPageTest"/>
</testsuite> <!-- com.tokbox.test.SignupPageTest -->
